<?xml version="1.0" encoding="UTF-8"?>
<testsuite name="ui.MenuTest" tests="1" skipped="0" failures="0" errors="0" timestamp="2023-01-12T04:41:20" hostname="MacBooks-MBP.lan" time="0.033">
  <properties/>
  <testcase name="Given an input then must accept user input then return()" classname="ui.MenuTest" time="0.033"/>
  <system-out><![CDATA[Allowed format: 
HH MM (ex: 08 15 or 14 30)
HH:MM (ex: 08:15 or 14:30)
HH-MM (ex: 08-15 or 14-30)
HH/MM (ex: 08/15 or 14/30)
HHˆMM (ex: 08ˆ15 or 14ˆ30)
HH;MM (ex: 08;15 or 14;30)
Enter hour and minute information: 
]]></system-out>
  <system-err><![CDATA[]]></system-err>
</testsuite>
